2022-05-16 09:34:00,095 DEBUG [main] studyhtml5.Hello  (   Hello.java:8)     - =============================
2022-05-16 09:34:00,097 DEBUG [main] studyhtml5.Hello  (   Hello.java:9)     - ="Hello"=
2022-05-16 09:34:00,097 DEBUG [main] studyhtml5.Hello  (   Hello.java:10)     - =============================
2022-05-16 12:20:15,690 DEBUG [main] cmn.PConnection   (PConnection.java:31)     - ClassNotFoundException: oracle.jdbc.driver.OracleDriver
2022-05-16 12:20:15,692 DEBUG [main] board.BoardDao    (BoardDao.java:361)     - query: 
DELETE FROM board  
WHERE SEQ = ?      

2022-05-16 12:20:15,692 DEBUG [main] board.BoardDao    (BoardDao.java:362)     - param: BoardVO [seq=900001, title=제목_900001, contents=내용_900001, readCnt=0, regDt=, regId=pcwk, modDt=, modId=pcwk, toString()=DTO [no=0]]
2022-05-16 12:21:53,838 DEBUG [main] cmn.PConnection   (PConnection.java:27)     - connection: oracle.jdbc.driver.T4CConnection@783e6358
2022-05-16 12:21:53,840 DEBUG [main] board.BoardDao    (BoardDao.java:361)     - query: 
DELETE FROM board  
WHERE SEQ = ?      

2022-05-16 12:21:53,840 DEBUG [main] board.BoardDao    (BoardDao.java:362)     - param: BoardVO [seq=900001, title=제목_900001, contents=내용_900001, readCnt=0, regDt=, regId=pcwk, modDt=, modId=pcwk, toString()=DTO [no=0]]
2022-05-16 12:21:53,903 DEBUG [main] board.BoardDao    (BoardDao.java:376)     - SQLException: ORA-00942: 테이블 또는 뷰가 존재하지 않습니다

2022-05-16 12:21:53,905 DEBUG [main] cmn.JDBCUtil      (JDBCUtil.java:46)     - PreparedStatement자원 반납
2022-05-16 12:21:53,905 DEBUG [main] cmn.JDBCUtil      (JDBCUtil.java:16)     - Connection자원 반납
2022-05-16 12:21:53,907 DEBUG [main] board.BoardMain   (BoardMain.java:48)     - -----------------
2022-05-16 12:21:53,907 DEBUG [main] board.BoardMain   (BoardMain.java:49)     - -삭제 실패-
2022-05-16 12:21:53,907 DEBUG [main] board.BoardMain   (BoardMain.java:50)     - -----------------
2022-05-16 12:21:53,931 DEBUG [main] cmn.PConnection   (PConnection.java:27)     - connection: oracle.jdbc.driver.T4CConnection@3c22fc4c
2022-05-16 12:21:53,931 DEBUG [main] board.BoardDao    (BoardDao.java:204)     - query: 
SELECT A.SEQ,                                    
       A.RNUM AS NUM,                            
       A.TITLE AS TITLE,                         
       A.READ_CNT,                               
       TO_CHAR(A.MOD_DT,'YYYY/MM/DD') AS MOD_DT, 
       A.MOD_ID                                  
FROM (                                           
    SELECT ROWNUM AS RNUM, T1.*                  
    FROM (                                       
        SELECT *                                 
        FROM board                               
        --조건                                    
			WHERE title LIKE ? || '%' OR CONTENTS LIKE ? || '%'         ORDER BY mod_dt DESC                     
    )T1                                          
 	WHERE ROWNUM <= (?*(?-1)+?)                 
)A                                               
 WHERE rnum >= (?*(?-1)+1)                       

2022-05-16 12:21:53,931 DEBUG [main] board.BoardDao    (BoardDao.java:205)     - param: SearchVO [searchDiv=40, searchWord=제목8, pageSize=10, pageNum=1, toString()=DTO [no=0]]
2022-05-16 12:21:53,935 DEBUG [main] board.BoardDao    (BoardDao.java:266)     - SQLException: ORA-00942: 테이블 또는 뷰가 존재하지 않습니다

2022-05-16 12:21:53,935 DEBUG [main] cmn.JDBCUtil      (JDBCUtil.java:46)     - PreparedStatement자원 반납
2022-05-16 12:21:53,935 DEBUG [main] cmn.JDBCUtil      (JDBCUtil.java:16)     - Connection자원 반납
2022-05-16 12:21:53,936 DEBUG [main] board.BoardMain   (BoardMain.java:136)     - ---------------------
2022-05-16 12:21:53,936 DEBUG [main] board.BoardMain   (BoardMain.java:137)     - -목록 조회 실패-
2022-05-16 12:21:53,936 DEBUG [main] board.BoardMain   (BoardMain.java:138)     - ---------------------
2022-05-16 12:21:53,959 DEBUG [main] cmn.PConnection   (PConnection.java:27)     - connection: oracle.jdbc.driver.T4CConnection@7ce3cb8e
2022-05-16 12:21:53,959 DEBUG [main] board.BoardDao    (BoardDao.java:62)     - query : 
 SELECT COUNT(*) total_cnt 
 FROM board         
 WHERE title LIKE ? || '%' OR CONTENTS LIKE ? || '%' 
2022-05-16 12:21:53,959 DEBUG [main] board.BoardDao    (BoardDao.java:63)     - param: SearchVO [searchDiv=40, searchWord=제목8, pageSize=10, pageNum=1, toString()=DTO [no=0]]
2022-05-16 12:21:53,960 DEBUG [main] board.BoardDao    (BoardDao.java:91)     - SQLException: ORA-00942: 테이블 또는 뷰가 존재하지 않습니다

2022-05-16 12:21:53,961 DEBUG [main] cmn.JDBCUtil      (JDBCUtil.java:46)     - PreparedStatement자원 반납
2022-05-16 12:21:53,961 DEBUG [main] cmn.JDBCUtil      (JDBCUtil.java:16)     - Connection자원 반납
2022-05-16 12:21:53,961 DEBUG [main] board.BoardMain   (BoardMain.java:149)     - ---------------------
2022-05-16 12:21:53,961 DEBUG [main] board.BoardMain   (BoardMain.java:150)     - 총 글수 : 0
2022-05-16 12:21:53,962 DEBUG [main] board.BoardMain   (BoardMain.java:151)     - ---------------------
2022-05-16 12:22:57,948 DEBUG [main] cmn.PConnection   (PConnection.java:27)     - connection: oracle.jdbc.driver.T4CConnection@783e6358
2022-05-16 12:22:57,949 DEBUG [main] board.BoardDao    (BoardDao.java:361)     - query: 
DELETE FROM board  
WHERE SEQ = ?      

2022-05-16 12:22:57,950 DEBUG [main] board.BoardDao    (BoardDao.java:362)     - param: BoardVO [seq=900001, title=제목_900001, contents=내용_900001, readCnt=0, regDt=, regId=pcwk, modDt=, modId=pcwk, toString()=DTO [no=0]]
2022-05-16 12:22:58,010 DEBUG [main] board.BoardDao    (BoardDao.java:376)     - SQLException: ORA-00942: 테이블 또는 뷰가 존재하지 않습니다

2022-05-16 12:22:58,011 DEBUG [main] cmn.JDBCUtil      (JDBCUtil.java:46)     - PreparedStatement자원 반납
2022-05-16 12:22:58,011 DEBUG [main] cmn.JDBCUtil      (JDBCUtil.java:16)     - Connection자원 반납
2022-05-16 12:22:58,012 DEBUG [main] board.BoardMain   (BoardMain.java:48)     - -----------------
2022-05-16 12:22:58,012 DEBUG [main] board.BoardMain   (BoardMain.java:49)     - -삭제 실패-
2022-05-16 12:22:58,012 DEBUG [main] board.BoardMain   (BoardMain.java:50)     - -----------------
2022-05-16 12:41:54,138 DEBUG [main] cmn.PConnection   (PConnection.java:27)     - connection: oracle.jdbc.driver.T4CConnection@783e6358
2022-05-16 12:41:54,141 DEBUG [main] board.BoardDao    (BoardDao.java:361)     - query: 
DELETE FROM board  
WHERE SEQ = ?      

2022-05-16 12:41:54,141 DEBUG [main] board.BoardDao    (BoardDao.java:362)     - param: BoardVO [seq=900001, title=제목_900001, contents=내용_900001, readCnt=0, regDt=, regId=pcwk, modDt=, modId=pcwk, toString()=DTO [no=0]]
2022-05-16 12:41:54,305 DEBUG [main] board.BoardDao    (BoardDao.java:373)     - flag: 0
2022-05-16 12:41:54,307 DEBUG [main] cmn.JDBCUtil      (JDBCUtil.java:46)     - PreparedStatement자원 반납
2022-05-16 12:41:54,308 DEBUG [main] cmn.JDBCUtil      (JDBCUtil.java:16)     - Connection자원 반납
2022-05-16 12:41:54,313 DEBUG [main] board.BoardMain   (BoardMain.java:48)     - -----------------
2022-05-16 12:41:54,313 DEBUG [main] board.BoardMain   (BoardMain.java:49)     - -삭제 실패-
2022-05-16 12:41:54,313 DEBUG [main] board.BoardMain   (BoardMain.java:50)     - -----------------
2022-05-16 12:41:54,965 DEBUG [main] cmn.PConnection   (PConnection.java:27)     - connection: oracle.jdbc.driver.T4CConnection@1534f01b
2022-05-16 12:41:54,965 DEBUG [main] board.BoardDao    (BoardDao.java:204)     - query: 
SELECT A.SEQ,                                    
       A.RNUM AS NUM,                            
       A.TITLE AS TITLE,                         
       A.READ_CNT,                               
       TO_CHAR(A.MOD_DT,'YYYY/MM/DD') AS MOD_DT, 
       A.MOD_ID                                  
FROM (                                           
    SELECT ROWNUM AS RNUM, T1.*                  
    FROM (                                       
        SELECT *                                 
        FROM board                               
        --조건                                    
			WHERE title LIKE ? || '%' OR CONTENTS LIKE ? || '%'         ORDER BY mod_dt DESC                     
    )T1                                          
 	WHERE ROWNUM <= (?*(?-1)+?)                 
)A                                               
 WHERE rnum >= (?*(?-1)+1)                       

2022-05-16 12:41:54,966 DEBUG [main] board.BoardDao    (BoardDao.java:205)     - param: SearchVO [searchDiv=40, searchWord=제목8, pageSize=10, pageNum=1, toString()=DTO [no=0]]
2022-05-16 12:41:56,844 DEBUG [main] cmn.JDBCUtil      (JDBCUtil.java:31)     - ResultSet자원 반납
2022-05-16 12:41:56,844 DEBUG [main] cmn.JDBCUtil      (JDBCUtil.java:46)     - PreparedStatement자원 반납
2022-05-16 12:41:56,845 DEBUG [main] cmn.JDBCUtil      (JDBCUtil.java:16)     - Connection자원 반납
2022-05-16 12:41:56,976 DEBUG [main] board.BoardMain   (BoardMain.java:133)     - vo: BoardVO [seq=8, title=제목8, contents=null, readCnt=0, regDt=null, regId=null, modDt=2022/04/13, modId=ADMIN, toString()=DTO [no=1]]
2022-05-16 12:41:56,978 DEBUG [main] board.BoardMain   (BoardMain.java:133)     - vo: BoardVO [seq=80, title=제목80, contents=null, readCnt=0, regDt=null, regId=null, modDt=2022/04/13, modId=ADMIN, toString()=DTO [no=2]]
2022-05-16 12:41:56,979 DEBUG [main] board.BoardMain   (BoardMain.java:133)     - vo: BoardVO [seq=81, title=제목81, contents=null, readCnt=0, regDt=null, regId=null, modDt=2022/04/13, modId=ADMIN, toString()=DTO [no=3]]
2022-05-16 12:41:56,979 DEBUG [main] board.BoardMain   (BoardMain.java:133)     - vo: BoardVO [seq=82, title=제목82, contents=null, readCnt=0, regDt=null, regId=null, modDt=2022/04/13, modId=ADMIN, toString()=DTO [no=4]]
2022-05-16 12:41:56,979 DEBUG [main] board.BoardMain   (BoardMain.java:133)     - vo: BoardVO [seq=83, title=제목83, contents=null, readCnt=0, regDt=null, regId=null, modDt=2022/04/13, modId=ADMIN, toString()=DTO [no=5]]
2022-05-16 12:41:56,980 DEBUG [main] board.BoardMain   (BoardMain.java:133)     - vo: BoardVO [seq=84, title=제목84, contents=null, readCnt=0, regDt=null, regId=null, modDt=2022/04/13, modId=ADMIN, toString()=DTO [no=6]]
2022-05-16 12:41:56,980 DEBUG [main] board.BoardMain   (BoardMain.java:133)     - vo: BoardVO [seq=85, title=제목85, contents=null, readCnt=0, regDt=null, regId=null, modDt=2022/04/13, modId=ADMIN, toString()=DTO [no=7]]
2022-05-16 12:41:56,980 DEBUG [main] board.BoardMain   (BoardMain.java:133)     - vo: BoardVO [seq=86, title=제목86, contents=null, readCnt=0, regDt=null, regId=null, modDt=2022/04/13, modId=ADMIN, toString()=DTO [no=8]]
2022-05-16 12:41:56,980 DEBUG [main] board.BoardMain   (BoardMain.java:133)     - vo: BoardVO [seq=87, title=제목87, contents=null, readCnt=0, regDt=null, regId=null, modDt=2022/04/13, modId=ADMIN, toString()=DTO [no=9]]
2022-05-16 12:41:56,980 DEBUG [main] board.BoardMain   (BoardMain.java:133)     - vo: BoardVO [seq=88, title=제목88, contents=null, readCnt=0, regDt=null, regId=null, modDt=2022/04/13, modId=ADMIN, toString()=DTO [no=10]]
2022-05-16 12:41:57,975 DEBUG [main] cmn.PConnection   (PConnection.java:27)     - connection: oracle.jdbc.driver.T4CConnection@dd05255
2022-05-16 12:41:57,975 DEBUG [main] board.BoardDao    (BoardDao.java:62)     - query : 
 SELECT COUNT(*) total_cnt 
 FROM board         
 WHERE title LIKE ? || '%' OR CONTENTS LIKE ? || '%' 
2022-05-16 12:41:57,976 DEBUG [main] board.BoardDao    (BoardDao.java:63)     - param: SearchVO [searchDiv=40, searchWord=제목8, pageSize=10, pageNum=1, toString()=DTO [no=0]]
2022-05-16 12:41:58,920 DEBUG [main] board.BoardDao    (BoardDao.java:88)     - totalCnt: 111111
2022-05-16 12:41:58,921 DEBUG [main] cmn.JDBCUtil      (JDBCUtil.java:31)     - ResultSet자원 반납
2022-05-16 12:41:58,921 DEBUG [main] cmn.JDBCUtil      (JDBCUtil.java:46)     - PreparedStatement자원 반납
2022-05-16 12:41:58,921 DEBUG [main] cmn.JDBCUtil      (JDBCUtil.java:16)     - Connection자원 반납
2022-05-16 12:41:58,927 DEBUG [main] board.BoardMain   (BoardMain.java:145)     - ---------------------
2022-05-16 12:41:58,928 DEBUG [main] board.BoardMain   (BoardMain.java:146)     - 총 글수(성공) : 111111
2022-05-16 12:41:58,928 DEBUG [main] board.BoardMain   (BoardMain.java:147)     - ---------------------
2022-05-16 15:38:37,640 DEBUG [main] cmn.PConnection   (PConnection.java:27)     - connection: oracle.jdbc.driver.T4CConnection@783e6358
2022-05-16 15:38:37,643 DEBUG [main] board.BoardDao    (BoardDao.java:361)     - query: 
DELETE FROM board  
WHERE SEQ = ?      

2022-05-16 15:38:37,643 DEBUG [main] board.BoardDao    (BoardDao.java:362)     - param: BoardVO [seq=900007, title=제목_900007, contents=내용_900007, readCnt=0, regDt=, regId=pcwk, modDt=, modId=pcwk, toString()=DTO [no=0]]
2022-05-16 15:38:37,827 DEBUG [main] board.BoardDao    (BoardDao.java:373)     - flag: 1
2022-05-16 15:38:37,830 DEBUG [main] cmn.JDBCUtil      (JDBCUtil.java:46)     - PreparedStatement자원 반납
2022-05-16 15:38:37,830 DEBUG [main] cmn.JDBCUtil      (JDBCUtil.java:16)     - Connection자원 반납
2022-05-16 15:38:38,605 DEBUG [main] board.BoardMain   (BoardMain.java:44)     - -----------------
2022-05-16 15:38:38,605 DEBUG [main] board.BoardMain   (BoardMain.java:45)     - -삭제 성공-
2022-05-16 15:38:38,605 DEBUG [main] board.BoardMain   (BoardMain.java:46)     - -----------------
2022-05-16 15:38:38,973 DEBUG [main] cmn.PConnection   (PConnection.java:27)     - connection: oracle.jdbc.driver.T4CConnection@783e6358
2022-05-16 15:38:38,978 DEBUG [main] board.BoardDao    (BoardDao.java:361)     - query: 
DELETE FROM board  
WHERE SEQ = ?      

2022-05-16 15:38:38,978 DEBUG [main] board.BoardDao    (BoardDao.java:362)     - param: BoardVO [seq=900007, title=제목_900007, contents=내용_900007, readCnt=0, regDt=, regId=pcwk, modDt=, modId=pcwk, toString()=DTO [no=0]]
2022-05-16 15:38:39,751 DEBUG [main] board.BoardDao    (BoardDao.java:373)     - flag: 0
2022-05-16 15:38:39,753 DEBUG [main] cmn.JDBCUtil      (JDBCUtil.java:46)     - PreparedStatement자원 반납
2022-05-16 15:38:39,754 DEBUG [main] cmn.JDBCUtil      (JDBCUtil.java:16)     - Connection자원 반납
2022-05-16 15:38:39,885 DEBUG [main] board.BoardMain   (BoardMain.java:48)     - -----------------
2022-05-16 15:38:39,886 DEBUG [main] board.BoardMain   (BoardMain.java:49)     - -삭제 실패-
2022-05-16 15:38:39,886 DEBUG [main] board.BoardMain   (BoardMain.java:50)     - -----------------
2022-05-16 15:38:40,347 DEBUG [main] cmn.PConnection   (PConnection.java:27)     - connection: oracle.jdbc.driver.T4CConnection@1534f01b
2022-05-16 15:38:40,348 DEBUG [main] board.BoardDao    (BoardDao.java:204)     - query: 
SELECT A.SEQ,                                    
       A.RNUM AS NUM,                            
       A.TITLE AS TITLE,                         
       A.READ_CNT,                               
       TO_CHAR(A.MOD_DT,'YYYY/MM/DD') AS MOD_DT, 
       A.MOD_ID                                  
FROM (                                           
    SELECT ROWNUM AS RNUM, T1.*                  
    FROM (                                       
        SELECT *                                 
        FROM board                               
        --조건                                    
			WHERE title LIKE ? || '%' OR CONTENTS LIKE ? || '%'         ORDER BY mod_dt DESC                     
    )T1                                          
 	WHERE ROWNUM <= (?*(?-1)+?)                 
)A                                               
 WHERE rnum >= (?*(?-1)+1)                       

2022-05-16 15:38:40,348 DEBUG [main] board.BoardDao    (BoardDao.java:205)     - param: SearchVO [searchDiv=40, searchWord=제목8, pageSize=10, pageNum=1, toString()=DTO [no=0]]
2022-05-16 15:38:40,952 DEBUG [main] cmn.PConnection   (PConnection.java:27)     - connection: oracle.jdbc.driver.T4CConnection@1534f01b
2022-05-16 15:38:40,952 DEBUG [main] board.BoardDao    (BoardDao.java:204)     - query: 
SELECT A.SEQ,                                    
       A.RNUM AS NUM,                            
       A.TITLE AS TITLE,                         
       A.READ_CNT,                               
       TO_CHAR(A.MOD_DT,'YYYY/MM/DD') AS MOD_DT, 
       A.MOD_ID                                  
FROM (                                           
    SELECT ROWNUM AS RNUM, T1.*                  
    FROM (                                       
        SELECT *                                 
        FROM board                               
        --조건                                    
			WHERE title LIKE ? || '%' OR CONTENTS LIKE ? || '%'         ORDER BY mod_dt DESC                     
    )T1                                          
 	WHERE ROWNUM <= (?*(?-1)+?)                 
)A                                               
 WHERE rnum >= (?*(?-1)+1)                       

2022-05-16 15:38:40,953 DEBUG [main] board.BoardDao    (BoardDao.java:205)     - param: SearchVO [searchDiv=40, searchWord=제목8, pageSize=10, pageNum=1, toString()=DTO [no=0]]
2022-05-16 15:38:42,027 DEBUG [main] cmn.JDBCUtil      (JDBCUtil.java:31)     - ResultSet자원 반납
2022-05-16 15:38:42,028 DEBUG [main] cmn.JDBCUtil      (JDBCUtil.java:46)     - PreparedStatement자원 반납
2022-05-16 15:38:42,028 DEBUG [main] cmn.JDBCUtil      (JDBCUtil.java:16)     - Connection자원 반납
2022-05-16 15:38:42,040 DEBUG [main] board.BoardMain   (BoardMain.java:133)     - vo: BoardVO [seq=8, title=제목8, contents=null, readCnt=0, regDt=null, regId=null, modDt=2022/04/13, modId=ADMIN, toString()=DTO [no=1]]
2022-05-16 15:38:42,043 DEBUG [main] board.BoardMain   (BoardMain.java:133)     - vo: BoardVO [seq=80, title=제목80, contents=null, readCnt=0, regDt=null, regId=null, modDt=2022/04/13, modId=ADMIN, toString()=DTO [no=2]]
2022-05-16 15:38:42,043 DEBUG [main] board.BoardMain   (BoardMain.java:133)     - vo: BoardVO [seq=81, title=제목81, contents=null, readCnt=0, regDt=null, regId=null, modDt=2022/04/13, modId=ADMIN, toString()=DTO [no=3]]
2022-05-16 15:38:42,043 DEBUG [main] board.BoardMain   (BoardMain.java:133)     - vo: BoardVO [seq=82, title=제목82, contents=null, readCnt=0, regDt=null, regId=null, modDt=2022/04/13, modId=ADMIN, toString()=DTO [no=4]]
2022-05-16 15:38:42,044 DEBUG [main] board.BoardMain   (BoardMain.java:133)     - vo: BoardVO [seq=83, title=제목83, contents=null, readCnt=0, regDt=null, regId=null, modDt=2022/04/13, modId=ADMIN, toString()=DTO [no=5]]
2022-05-16 15:38:42,044 DEBUG [main] board.BoardMain   (BoardMain.java:133)     - vo: BoardVO [seq=84, title=제목84, contents=null, readCnt=0, regDt=null, regId=null, modDt=2022/04/13, modId=ADMIN, toString()=DTO [no=6]]
2022-05-16 15:38:42,044 DEBUG [main] board.BoardMain   (BoardMain.java:133)     - vo: BoardVO [seq=85, title=제목85, contents=null, readCnt=0, regDt=null, regId=null, modDt=2022/04/13, modId=ADMIN, toString()=DTO [no=7]]
2022-05-16 15:38:42,044 DEBUG [main] board.BoardMain   (BoardMain.java:133)     - vo: BoardVO [seq=86, title=제목86, contents=null, readCnt=0, regDt=null, regId=null, modDt=2022/04/13, modId=ADMIN, toString()=DTO [no=8]]
2022-05-16 15:38:42,045 DEBUG [main] board.BoardMain   (BoardMain.java:133)     - vo: BoardVO [seq=87, title=제목87, contents=null, readCnt=0, regDt=null, regId=null, modDt=2022/04/13, modId=ADMIN, toString()=DTO [no=9]]
2022-05-16 15:38:42,045 DEBUG [main] board.BoardMain   (BoardMain.java:133)     - vo: BoardVO [seq=88, title=제목88, contents=null, readCnt=0, regDt=null, regId=null, modDt=2022/04/13, modId=ADMIN, toString()=DTO [no=10]]
2022-05-16 15:38:42,397 DEBUG [main] cmn.JDBCUtil      (JDBCUtil.java:31)     - ResultSet자원 반납
2022-05-16 15:38:42,398 DEBUG [main] cmn.JDBCUtil      (JDBCUtil.java:46)     - PreparedStatement자원 반납
2022-05-16 15:38:42,398 DEBUG [main] cmn.JDBCUtil      (JDBCUtil.java:16)     - Connection자원 반납
2022-05-16 15:38:42,450 DEBUG [main] board.BoardMain   (BoardMain.java:133)     - vo: BoardVO [seq=8, title=제목8, contents=null, readCnt=0, regDt=null, regId=null, modDt=2022/04/13, modId=ADMIN, toString()=DTO [no=1]]
2022-05-16 15:38:42,452 DEBUG [main] board.BoardMain   (BoardMain.java:133)     - vo: BoardVO [seq=80, title=제목80, contents=null, readCnt=0, regDt=null, regId=null, modDt=2022/04/13, modId=ADMIN, toString()=DTO [no=2]]
2022-05-16 15:38:42,452 DEBUG [main] board.BoardMain   (BoardMain.java:133)     - vo: BoardVO [seq=81, title=제목81, contents=null, readCnt=0, regDt=null, regId=null, modDt=2022/04/13, modId=ADMIN, toString()=DTO [no=3]]
2022-05-16 15:38:42,452 DEBUG [main] board.BoardMain   (BoardMain.java:133)     - vo: BoardVO [seq=82, title=제목82, contents=null, readCnt=0, regDt=null, regId=null, modDt=2022/04/13, modId=ADMIN, toString()=DTO [no=4]]
2022-05-16 15:38:42,453 DEBUG [main] board.BoardMain   (BoardMain.java:133)     - vo: BoardVO [seq=83, title=제목83, contents=null, readCnt=0, regDt=null, regId=null, modDt=2022/04/13, modId=ADMIN, toString()=DTO [no=5]]
2022-05-16 15:38:42,453 DEBUG [main] board.BoardMain   (BoardMain.java:133)     - vo: BoardVO [seq=84, title=제목84, contents=null, readCnt=0, regDt=null, regId=null, modDt=2022/04/13, modId=ADMIN, toString()=DTO [no=6]]
2022-05-16 15:38:42,453 DEBUG [main] board.BoardMain   (BoardMain.java:133)     - vo: BoardVO [seq=85, title=제목85, contents=null, readCnt=0, regDt=null, regId=null, modDt=2022/04/13, modId=ADMIN, toString()=DTO [no=7]]
2022-05-16 15:38:42,453 DEBUG [main] board.BoardMain   (BoardMain.java:133)     - vo: BoardVO [seq=86, title=제목86, contents=null, readCnt=0, regDt=null, regId=null, modDt=2022/04/13, modId=ADMIN, toString()=DTO [no=8]]
2022-05-16 15:38:42,454 DEBUG [main] board.BoardMain   (BoardMain.java:133)     - vo: BoardVO [seq=87, title=제목87, contents=null, readCnt=0, regDt=null, regId=null, modDt=2022/04/13, modId=ADMIN, toString()=DTO [no=9]]
2022-05-16 15:38:42,454 DEBUG [main] board.BoardMain   (BoardMain.java:133)     - vo: BoardVO [seq=88, title=제목88, contents=null, readCnt=0, regDt=null, regId=null, modDt=2022/04/13, modId=ADMIN, toString()=DTO [no=10]]
2022-05-16 15:38:42,557 DEBUG [main] cmn.PConnection   (PConnection.java:27)     - connection: oracle.jdbc.driver.T4CConnection@dd05255
2022-05-16 15:38:42,557 DEBUG [main] board.BoardDao    (BoardDao.java:62)     - query : 
 SELECT COUNT(*) total_cnt 
 FROM board         
 WHERE title LIKE ? || '%' OR CONTENTS LIKE ? || '%' 
2022-05-16 15:38:42,557 DEBUG [main] board.BoardDao    (BoardDao.java:63)     - param: SearchVO [searchDiv=40, searchWord=제목8, pageSize=10, pageNum=1, toString()=DTO [no=0]]
2022-05-16 15:38:43,223 DEBUG [main] board.BoardDao    (BoardDao.java:88)     - totalCnt: 111111
2022-05-16 15:38:43,224 DEBUG [main] cmn.JDBCUtil      (JDBCUtil.java:31)     - ResultSet자원 반납
2022-05-16 15:38:43,224 DEBUG [main] cmn.JDBCUtil      (JDBCUtil.java:46)     - PreparedStatement자원 반납
2022-05-16 15:38:43,224 DEBUG [main] cmn.JDBCUtil      (JDBCUtil.java:16)     - Connection자원 반납
2022-05-16 15:38:43,261 DEBUG [main] board.BoardMain   (BoardMain.java:145)     - ---------------------
2022-05-16 15:38:43,261 DEBUG [main] board.BoardMain   (BoardMain.java:146)     - 총 글수(성공) : 111111
2022-05-16 15:38:43,262 DEBUG [main] board.BoardMain   (BoardMain.java:147)     - ---------------------
2022-05-16 15:38:43,271 DEBUG [main] cmn.PConnection   (PConnection.java:27)     - connection: oracle.jdbc.driver.T4CConnection@dd05255
2022-05-16 15:38:43,271 DEBUG [main] board.BoardDao    (BoardDao.java:62)     - query : 
 SELECT COUNT(*) total_cnt 
 FROM board         
 WHERE title LIKE ? || '%' OR CONTENTS LIKE ? || '%' 
2022-05-16 15:38:43,271 DEBUG [main] board.BoardDao    (BoardDao.java:63)     - param: SearchVO [searchDiv=40, searchWord=제목8, pageSize=10, pageNum=1, toString()=DTO [no=0]]
2022-05-16 15:38:44,019 DEBUG [main] board.BoardDao    (BoardDao.java:88)     - totalCnt: 111111
2022-05-16 15:38:44,019 DEBUG [main] cmn.JDBCUtil      (JDBCUtil.java:31)     - ResultSet자원 반납
2022-05-16 15:38:44,020 DEBUG [main] cmn.JDBCUtil      (JDBCUtil.java:46)     - PreparedStatement자원 반납
2022-05-16 15:38:44,020 DEBUG [main] cmn.JDBCUtil      (JDBCUtil.java:16)     - Connection자원 반납
2022-05-16 15:38:44,436 DEBUG [main] board.BoardMain   (BoardMain.java:145)     - ---------------------
2022-05-16 15:38:44,436 DEBUG [main] board.BoardMain   (BoardMain.java:146)     - 총 글수(성공) : 111111
2022-05-16 15:38:44,437 DEBUG [main] board.BoardMain   (BoardMain.java:147)     - ---------------------
2022-05-16 15:39:13,485 DEBUG [main] cmn.PConnection   (PConnection.java:27)     - connection: oracle.jdbc.driver.T4CConnection@783e6358
2022-05-16 15:39:13,489 DEBUG [main] board.BoardDao    (BoardDao.java:361)     - query: 
DELETE FROM board  
WHERE SEQ = ?      

2022-05-16 15:39:13,490 DEBUG [main] board.BoardDao    (BoardDao.java:362)     - param: BoardVO [seq=900007, title=제목_900007, contents=내용_900007, readCnt=0, regDt=, regId=pcwk, modDt=, modId=pcwk, toString()=DTO [no=0]]
2022-05-16 15:39:13,636 DEBUG [main] board.BoardDao    (BoardDao.java:373)     - flag: 0
2022-05-16 15:39:13,638 DEBUG [main] cmn.JDBCUtil      (JDBCUtil.java:46)     - PreparedStatement자원 반납
2022-05-16 15:39:13,639 DEBUG [main] cmn.JDBCUtil      (JDBCUtil.java:16)     - Connection자원 반납
2022-05-16 15:39:15,011 DEBUG [main] board.BoardMain   (BoardMain.java:48)     - -----------------
2022-05-16 15:39:15,012 DEBUG [main] board.BoardMain   (BoardMain.java:49)     - -삭제 실패-
2022-05-16 15:39:15,012 DEBUG [main] board.BoardMain   (BoardMain.java:50)     - -----------------
2022-05-16 15:39:16,567 DEBUG [main] cmn.PConnection   (PConnection.java:27)     - connection: oracle.jdbc.driver.T4CConnection@1534f01b
2022-05-16 15:39:16,568 DEBUG [main] board.BoardDao    (BoardDao.java:204)     - query: 
SELECT A.SEQ,                                    
       A.RNUM AS NUM,                            
       A.TITLE AS TITLE,                         
       A.READ_CNT,                               
       TO_CHAR(A.MOD_DT,'YYYY/MM/DD') AS MOD_DT, 
       A.MOD_ID                                  
FROM (                                           
    SELECT ROWNUM AS RNUM, T1.*                  
    FROM (                                       
        SELECT *                                 
        FROM board                               
        --조건                                    
			WHERE title LIKE ? || '%' OR CONTENTS LIKE ? || '%'         ORDER BY mod_dt DESC                     
    )T1                                          
 	WHERE ROWNUM <= (?*(?-1)+?)                 
)A                                               
 WHERE rnum >= (?*(?-1)+1)                       

2022-05-16 15:39:16,568 DEBUG [main] board.BoardDao    (BoardDao.java:205)     - param: SearchVO [searchDiv=40, searchWord=제목8, pageSize=10, pageNum=1, toString()=DTO [no=0]]
2022-05-16 15:39:18,848 DEBUG [main] cmn.JDBCUtil      (JDBCUtil.java:31)     - ResultSet자원 반납
2022-05-16 15:39:18,848 DEBUG [main] cmn.JDBCUtil      (JDBCUtil.java:46)     - PreparedStatement자원 반납
2022-05-16 15:39:18,849 DEBUG [main] cmn.JDBCUtil      (JDBCUtil.java:16)     - Connection자원 반납
2022-05-16 15:39:18,976 DEBUG [main] board.BoardMain   (BoardMain.java:133)     - vo: BoardVO [seq=8, title=제목8, contents=null, readCnt=0, regDt=null, regId=null, modDt=2022/04/13, modId=ADMIN, toString()=DTO [no=1]]
2022-05-16 15:39:18,978 DEBUG [main] board.BoardMain   (BoardMain.java:133)     - vo: BoardVO [seq=80, title=제목80, contents=null, readCnt=0, regDt=null, regId=null, modDt=2022/04/13, modId=ADMIN, toString()=DTO [no=2]]
2022-05-16 15:39:18,979 DEBUG [main] board.BoardMain   (BoardMain.java:133)     - vo: BoardVO [seq=81, title=제목81, contents=null, readCnt=0, regDt=null, regId=null, modDt=2022/04/13, modId=ADMIN, toString()=DTO [no=3]]
2022-05-16 15:39:18,979 DEBUG [main] board.BoardMain   (BoardMain.java:133)     - vo: BoardVO [seq=82, title=제목82, contents=null, readCnt=0, regDt=null, regId=null, modDt=2022/04/13, modId=ADMIN, toString()=DTO [no=4]]
2022-05-16 15:39:18,979 DEBUG [main] board.BoardMain   (BoardMain.java:133)     - vo: BoardVO [seq=83, title=제목83, contents=null, readCnt=0, regDt=null, regId=null, modDt=2022/04/13, modId=ADMIN, toString()=DTO [no=5]]
2022-05-16 15:39:18,979 DEBUG [main] board.BoardMain   (BoardMain.java:133)     - vo: BoardVO [seq=84, title=제목84, contents=null, readCnt=0, regDt=null, regId=null, modDt=2022/04/13, modId=ADMIN, toString()=DTO [no=6]]
2022-05-16 15:39:18,980 DEBUG [main] board.BoardMain   (BoardMain.java:133)     - vo: BoardVO [seq=85, title=제목85, contents=null, readCnt=0, regDt=null, regId=null, modDt=2022/04/13, modId=ADMIN, toString()=DTO [no=7]]
2022-05-16 15:39:18,980 DEBUG [main] board.BoardMain   (BoardMain.java:133)     - vo: BoardVO [seq=86, title=제목86, contents=null, readCnt=0, regDt=null, regId=null, modDt=2022/04/13, modId=ADMIN, toString()=DTO [no=8]]
2022-05-16 15:39:18,980 DEBUG [main] board.BoardMain   (BoardMain.java:133)     - vo: BoardVO [seq=87, title=제목87, contents=null, readCnt=0, regDt=null, regId=null, modDt=2022/04/13, modId=ADMIN, toString()=DTO [no=9]]
2022-05-16 15:39:18,980 DEBUG [main] board.BoardMain   (BoardMain.java:133)     - vo: BoardVO [seq=88, title=제목88, contents=null, readCnt=0, regDt=null, regId=null, modDt=2022/04/13, modId=ADMIN, toString()=DTO [no=10]]
2022-05-16 15:39:19,262 DEBUG [main] cmn.PConnection   (PConnection.java:27)     - connection: oracle.jdbc.driver.T4CConnection@dd05255
2022-05-16 15:39:19,262 DEBUG [main] board.BoardDao    (BoardDao.java:62)     - query : 
 SELECT COUNT(*) total_cnt 
 FROM board         
 WHERE title LIKE ? || '%' OR CONTENTS LIKE ? || '%' 
2022-05-16 15:39:19,262 DEBUG [main] board.BoardDao    (BoardDao.java:63)     - param: SearchVO [searchDiv=40, searchWord=제목8, pageSize=10, pageNum=1, toString()=DTO [no=0]]
2022-05-16 15:39:19,918 DEBUG [main] board.BoardDao    (BoardDao.java:88)     - totalCnt: 111111
2022-05-16 15:39:19,918 DEBUG [main] cmn.JDBCUtil      (JDBCUtil.java:31)     - ResultSet자원 반납
2022-05-16 15:39:19,919 DEBUG [main] cmn.JDBCUtil      (JDBCUtil.java:46)     - PreparedStatement자원 반납
2022-05-16 15:39:19,919 DEBUG [main] cmn.JDBCUtil      (JDBCUtil.java:16)     - Connection자원 반납
2022-05-16 15:39:19,923 DEBUG [main] board.BoardMain   (BoardMain.java:145)     - ---------------------
2022-05-16 15:39:19,924 DEBUG [main] board.BoardMain   (BoardMain.java:146)     - 총 글수(성공) : 111111
2022-05-16 15:39:19,924 DEBUG [main] board.BoardMain   (BoardMain.java:147)     - ---------------------
2022-05-16 15:39:31,036 DEBUG [main] cmn.PConnection   (PConnection.java:27)     - connection: oracle.jdbc.driver.T4CConnection@783e6358
2022-05-16 15:39:31,038 DEBUG [main] board.BoardDao    (BoardDao.java:361)     - query: 
DELETE FROM board  
WHERE SEQ = ?      

2022-05-16 15:39:31,038 DEBUG [main] board.BoardDao    (BoardDao.java:362)     - param: BoardVO [seq=900007, title=제목_900001, contents=내용_900001, readCnt=0, regDt=, regId=pcwk, modDt=, modId=pcwk, toString()=DTO [no=0]]
2022-05-16 15:39:31,109 DEBUG [main] board.BoardDao    (BoardDao.java:373)     - flag: 0
2022-05-16 15:39:31,110 DEBUG [main] cmn.JDBCUtil      (JDBCUtil.java:46)     - PreparedStatement자원 반납
2022-05-16 15:39:31,110 DEBUG [main] cmn.JDBCUtil      (JDBCUtil.java:16)     - Connection자원 반납
2022-05-16 15:39:31,114 DEBUG [main] board.BoardMain   (BoardMain.java:48)     - -----------------
2022-05-16 15:39:31,114 DEBUG [main] board.BoardMain   (BoardMain.java:49)     - -삭제 실패-
2022-05-16 15:39:31,114 DEBUG [main] board.BoardMain   (BoardMain.java:50)     - -----------------
2022-05-16 15:39:31,265 DEBUG [main] cmn.PConnection   (PConnection.java:27)     - connection: oracle.jdbc.driver.T4CConnection@1534f01b
2022-05-16 15:39:31,265 DEBUG [main] board.BoardDao    (BoardDao.java:204)     - query: 
SELECT A.SEQ,                                    
       A.RNUM AS NUM,                            
       A.TITLE AS TITLE,                         
       A.READ_CNT,                               
       TO_CHAR(A.MOD_DT,'YYYY/MM/DD') AS MOD_DT, 
       A.MOD_ID                                  
FROM (                                           
    SELECT ROWNUM AS RNUM, T1.*                  
    FROM (                                       
        SELECT *                                 
        FROM board                               
        --조건                                    
			WHERE title LIKE ? || '%' OR CONTENTS LIKE ? || '%'         ORDER BY mod_dt DESC                     
    )T1                                          
 	WHERE ROWNUM <= (?*(?-1)+?)                 
)A                                               
 WHERE rnum >= (?*(?-1)+1)                       

2022-05-16 15:39:31,266 DEBUG [main] board.BoardDao    (BoardDao.java:205)     - param: SearchVO [searchDiv=40, searchWord=제목8, pageSize=10, pageNum=1, toString()=DTO [no=0]]
2022-05-16 15:39:33,075 DEBUG [main] cmn.JDBCUtil      (JDBCUtil.java:31)     - ResultSet자원 반납
2022-05-16 15:39:33,075 DEBUG [main] cmn.JDBCUtil      (JDBCUtil.java:46)     - PreparedStatement자원 반납
2022-05-16 15:39:33,075 DEBUG [main] cmn.JDBCUtil      (JDBCUtil.java:16)     - Connection자원 반납
2022-05-16 15:39:33,083 DEBUG [main] board.BoardMain   (BoardMain.java:133)     - vo: BoardVO [seq=8, title=제목8, contents=null, readCnt=0, regDt=null, regId=null, modDt=2022/04/13, modId=ADMIN, toString()=DTO [no=1]]
2022-05-16 15:39:33,084 DEBUG [main] board.BoardMain   (BoardMain.java:133)     - vo: BoardVO [seq=80, title=제목80, contents=null, readCnt=0, regDt=null, regId=null, modDt=2022/04/13, modId=ADMIN, toString()=DTO [no=2]]
2022-05-16 15:39:33,084 DEBUG [main] board.BoardMain   (BoardMain.java:133)     - vo: BoardVO [seq=81, title=제목81, contents=null, readCnt=0, regDt=null, regId=null, modDt=2022/04/13, modId=ADMIN, toString()=DTO [no=3]]
2022-05-16 15:39:33,084 DEBUG [main] board.BoardMain   (BoardMain.java:133)     - vo: BoardVO [seq=82, title=제목82, contents=null, readCnt=0, regDt=null, regId=null, modDt=2022/04/13, modId=ADMIN, toString()=DTO [no=4]]
2022-05-16 15:39:33,084 DEBUG [main] board.BoardMain   (BoardMain.java:133)     - vo: BoardVO [seq=83, title=제목83, contents=null, readCnt=0, regDt=null, regId=null, modDt=2022/04/13, modId=ADMIN, toString()=DTO [no=5]]
2022-05-16 15:39:33,084 DEBUG [main] board.BoardMain   (BoardMain.java:133)     - vo: BoardVO [seq=84, title=제목84, contents=null, readCnt=0, regDt=null, regId=null, modDt=2022/04/13, modId=ADMIN, toString()=DTO [no=6]]
2022-05-16 15:39:33,084 DEBUG [main] board.BoardMain   (BoardMain.java:133)     - vo: BoardVO [seq=85, title=제목85, contents=null, readCnt=0, regDt=null, regId=null, modDt=2022/04/13, modId=ADMIN, toString()=DTO [no=7]]
2022-05-16 15:39:33,084 DEBUG [main] board.BoardMain   (BoardMain.java:133)     - vo: BoardVO [seq=86, title=제목86, contents=null, readCnt=0, regDt=null, regId=null, modDt=2022/04/13, modId=ADMIN, toString()=DTO [no=8]]
2022-05-16 15:39:33,084 DEBUG [main] board.BoardMain   (BoardMain.java:133)     - vo: BoardVO [seq=87, title=제목87, contents=null, readCnt=0, regDt=null, regId=null, modDt=2022/04/13, modId=ADMIN, toString()=DTO [no=9]]
2022-05-16 15:39:33,084 DEBUG [main] board.BoardMain   (BoardMain.java:133)     - vo: BoardVO [seq=88, title=제목88, contents=null, readCnt=0, regDt=null, regId=null, modDt=2022/04/13, modId=ADMIN, toString()=DTO [no=10]]
2022-05-16 15:39:33,545 DEBUG [main] cmn.PConnection   (PConnection.java:27)     - connection: oracle.jdbc.driver.T4CConnection@dd05255
2022-05-16 15:39:33,545 DEBUG [main] board.BoardDao    (BoardDao.java:62)     - query : 
 SELECT COUNT(*) total_cnt 
 FROM board         
 WHERE title LIKE ? || '%' OR CONTENTS LIKE ? || '%' 
2022-05-16 15:39:33,545 DEBUG [main] board.BoardDao    (BoardDao.java:63)     - param: SearchVO [searchDiv=40, searchWord=제목8, pageSize=10, pageNum=1, toString()=DTO [no=0]]
2022-05-16 15:39:34,563 DEBUG [main] board.BoardDao    (BoardDao.java:88)     - totalCnt: 111111
2022-05-16 15:39:34,564 DEBUG [main] cmn.JDBCUtil      (JDBCUtil.java:31)     - ResultSet자원 반납
2022-05-16 15:39:34,565 DEBUG [main] cmn.JDBCUtil      (JDBCUtil.java:46)     - PreparedStatement자원 반납
2022-05-16 15:39:34,565 DEBUG [main] cmn.JDBCUtil      (JDBCUtil.java:16)     - Connection자원 반납
2022-05-16 15:39:34,568 DEBUG [main] board.BoardMain   (BoardMain.java:145)     - ---------------------
2022-05-16 15:39:34,569 DEBUG [main] board.BoardMain   (BoardMain.java:146)     - 총 글수(성공) : 111111
2022-05-16 15:39:34,569 DEBUG [main] board.BoardMain   (BoardMain.java:147)     - ---------------------
2022-05-16 15:44:24,540 DEBUG [main] cmn.PConnection   (PConnection.java:27)     - connection: oracle.jdbc.driver.T4CConnection@783e6358
2022-05-16 15:44:24,542 DEBUG [main] board.BoardDao    (BoardDao.java:361)     - query: 
DELETE FROM board  
WHERE SEQ = ?      

2022-05-16 15:44:24,543 DEBUG [main] board.BoardDao    (BoardDao.java:362)     - param: BoardVO [seq=900007, title=제목_900001, contents=내용_900001, readCnt=0, regDt=, regId=pcwk, modDt=, modId=pcwk, toString()=DTO [no=0]]
2022-05-16 15:44:24,618 DEBUG [main] board.BoardDao    (BoardDao.java:373)     - flag: 1
2022-05-16 15:44:24,619 DEBUG [main] cmn.JDBCUtil      (JDBCUtil.java:46)     - PreparedStatement자원 반납
2022-05-16 15:44:24,619 DEBUG [main] cmn.JDBCUtil      (JDBCUtil.java:16)     - Connection자원 반납
2022-05-16 15:44:24,652 DEBUG [main] board.BoardMain   (BoardMain.java:44)     - -----------------
2022-05-16 15:44:24,652 DEBUG [main] board.BoardMain   (BoardMain.java:45)     - -삭제 성공-
2022-05-16 15:44:24,652 DEBUG [main] board.BoardMain   (BoardMain.java:46)     - -----------------
2022-05-16 15:44:25,850 DEBUG [main] cmn.PConnection   (PConnection.java:27)     - connection: oracle.jdbc.driver.T4CConnection@1534f01b
2022-05-16 15:44:25,850 DEBUG [main] board.BoardDao    (BoardDao.java:204)     - query: 
SELECT A.SEQ,                                    
       A.RNUM AS NUM,                            
       A.TITLE AS TITLE,                         
       A.READ_CNT,                               
       TO_CHAR(A.MOD_DT,'YYYY/MM/DD') AS MOD_DT, 
       A.MOD_ID                                  
FROM (                                           
    SELECT ROWNUM AS RNUM, T1.*                  
    FROM (                                       
        SELECT *                                 
        FROM board                               
        --조건                                    
			WHERE title LIKE ? || '%' OR CONTENTS LIKE ? || '%'         ORDER BY mod_dt DESC                     
    )T1                                          
 	WHERE ROWNUM <= (?*(?-1)+?)                 
)A                                               
 WHERE rnum >= (?*(?-1)+1)                       

2022-05-16 15:44:25,850 DEBUG [main] board.BoardDao    (BoardDao.java:205)     - param: SearchVO [searchDiv=40, searchWord=제목8, pageSize=10, pageNum=1, toString()=DTO [no=0]]
2022-05-16 15:44:28,045 DEBUG [main] cmn.JDBCUtil      (JDBCUtil.java:31)     - ResultSet자원 반납
2022-05-16 15:44:28,045 DEBUG [main] cmn.JDBCUtil      (JDBCUtil.java:46)     - PreparedStatement자원 반납
2022-05-16 15:44:28,046 DEBUG [main] cmn.JDBCUtil      (JDBCUtil.java:16)     - Connection자원 반납
2022-05-16 15:44:28,623 DEBUG [main] board.BoardMain   (BoardMain.java:133)     - vo: BoardVO [seq=8, title=제목8, contents=null, readCnt=0, regDt=null, regId=null, modDt=2022/04/13, modId=ADMIN, toString()=DTO [no=1]]
2022-05-16 15:44:28,625 DEBUG [main] board.BoardMain   (BoardMain.java:133)     - vo: BoardVO [seq=80, title=제목80, contents=null, readCnt=0, regDt=null, regId=null, modDt=2022/04/13, modId=ADMIN, toString()=DTO [no=2]]
2022-05-16 15:44:28,625 DEBUG [main] board.BoardMain   (BoardMain.java:133)     - vo: BoardVO [seq=81, title=제목81, contents=null, readCnt=0, regDt=null, regId=null, modDt=2022/04/13, modId=ADMIN, toString()=DTO [no=3]]
2022-05-16 15:44:28,626 DEBUG [main] board.BoardMain   (BoardMain.java:133)     - vo: BoardVO [seq=82, title=제목82, contents=null, readCnt=0, regDt=null, regId=null, modDt=2022/04/13, modId=ADMIN, toString()=DTO [no=4]]
2022-05-16 15:44:28,626 DEBUG [main] board.BoardMain   (BoardMain.java:133)     - vo: BoardVO [seq=83, title=제목83, contents=null, readCnt=0, regDt=null, regId=null, modDt=2022/04/13, modId=ADMIN, toString()=DTO [no=5]]
2022-05-16 15:44:28,626 DEBUG [main] board.BoardMain   (BoardMain.java:133)     - vo: BoardVO [seq=84, title=제목84, contents=null, readCnt=0, regDt=null, regId=null, modDt=2022/04/13, modId=ADMIN, toString()=DTO [no=6]]
2022-05-16 15:44:28,626 DEBUG [main] board.BoardMain   (BoardMain.java:133)     - vo: BoardVO [seq=85, title=제목85, contents=null, readCnt=0, regDt=null, regId=null, modDt=2022/04/13, modId=ADMIN, toString()=DTO [no=7]]
2022-05-16 15:44:28,627 DEBUG [main] board.BoardMain   (BoardMain.java:133)     - vo: BoardVO [seq=86, title=제목86, contents=null, readCnt=0, regDt=null, regId=null, modDt=2022/04/13, modId=ADMIN, toString()=DTO [no=8]]
2022-05-16 15:44:28,627 DEBUG [main] board.BoardMain   (BoardMain.java:133)     - vo: BoardVO [seq=87, title=제목87, contents=null, readCnt=0, regDt=null, regId=null, modDt=2022/04/13, modId=ADMIN, toString()=DTO [no=9]]
2022-05-16 15:44:28,627 DEBUG [main] board.BoardMain   (BoardMain.java:133)     - vo: BoardVO [seq=88, title=제목88, contents=null, readCnt=0, regDt=null, regId=null, modDt=2022/04/13, modId=ADMIN, toString()=DTO [no=10]]
2022-05-16 15:44:34,378 DEBUG [main] cmn.PConnection   (PConnection.java:27)     - connection: oracle.jdbc.driver.T4CConnection@dd05255
2022-05-16 15:44:34,378 DEBUG [main] board.BoardDao    (BoardDao.java:62)     - query : 
 SELECT COUNT(*) total_cnt 
 FROM board         
 WHERE title LIKE ? || '%' OR CONTENTS LIKE ? || '%' 
2022-05-16 15:44:34,378 DEBUG [main] board.BoardDao    (BoardDao.java:63)     - param: SearchVO [searchDiv=40, searchWord=제목8, pageSize=10, pageNum=1, toString()=DTO [no=0]]
2022-05-16 15:44:35,292 DEBUG [main] board.BoardDao    (BoardDao.java:88)     - totalCnt: 111111
2022-05-16 15:44:35,292 DEBUG [main] cmn.JDBCUtil      (JDBCUtil.java:31)     - ResultSet자원 반납
2022-05-16 15:44:35,293 DEBUG [main] cmn.JDBCUtil      (JDBCUtil.java:46)     - PreparedStatement자원 반납
2022-05-16 15:44:35,293 DEBUG [main] cmn.JDBCUtil      (JDBCUtil.java:16)     - Connection자원 반납
2022-05-16 15:44:35,537 DEBUG [main] board.BoardMain   (BoardMain.java:145)     - ---------------------
2022-05-16 15:44:35,539 DEBUG [main] board.BoardMain   (BoardMain.java:146)     - 총 글수(성공) : 111111
2022-05-16 15:44:35,539 DEBUG [main] board.BoardMain   (BoardMain.java:147)     - ---------------------
